2026-04-26 10:02:35 - DEBUG - This is a debug message
2026-04-26 10:02:35 - INFO - This is an info message
2026-04-26 10:02:35 - WARNING - This is a warning message
2026-04-26 10:02:35 - ERROR - This is an error message
2026-04-26 10:02:35 - CRITICAL - This is a critical message
2026-04-26 10:02:35 - DEBUG - This is another debug message
2026-04-26 10:02:36 - DEBUG - This is a debug message
2026-04-26 10:02:36 - INFO - This is an info message
2026-04-26 10:02:36 - WARNING - This is a warning message
2026-04-26 10:02:36 - ERROR - This is an error message
2026-04-26 10:02:36 - CRITICAL - This is a critical message
2026-04-26 10:02:36 - DEBUG - This is another debug message
2026-04-26 10:02:41 - DEBUG - This is a debug message
2026-04-26 10:02:41 - INFO - This is an info message
2026-04-26 10:02:41 - WARNING - This is a warning message
2026-04-26 10:02:41 - ERROR - This is an error message
2026-04-26 10:02:41 - CRITICAL - This is a critical message
2026-04-26 10:02:41 - DEBUG - This is another debug message
2026-04-26 10:02:41 - DEBUG - This is a debug message
2026-04-26 10:02:41 - INFO - This is an info message
2026-04-26 10:02:41 - WARNING - This is a warning message
2026-04-26 10:02:41 - ERROR - This is an error message
2026-04-26 10:02:41 - CRITICAL - This is a critical message
2026-04-26 10:02:41 - DEBUG - This is another debug message
2026-04-26 10:02:42 - DEBUG - This is a debug message
2026-04-26 10:02:42 - INFO - This is an info message
2026-04-26 10:02:42 - WARNING - This is a warning message
2026-04-26 10:02:42 - ERROR - This is an error message
2026-04-26 10:02:42 - CRITICAL - This is a critical message
2026-04-26 10:02:42 - DEBUG - This is another debug message
